[rospy.client][INFO] 2021-05-20 11:34:37,543: init_node, name[/img_pub], pid[4979]
[xmlrpc][INFO] 2021-05-20 11:34:37,544: XML-RPC server binding to 0.0.0.0:0
[xmlrpc][INFO] 2021-05-20 11:34:37,545: Started XML-RPC server [http://ubuntu:40605/]
[rospy.init][INFO] 2021-05-20 11:34:37,545: ROS Slave URI: [http://ubuntu:40605/]
[rospy.impl.masterslave][INFO] 2021-05-20 11:34:37,546: _ready: http://ubuntu:40605/
[rospy.registration][INFO] 2021-05-20 11:34:37,547: Registering with master node http://localhost:11311
[xmlrpc][INFO] 2021-05-20 11:34:37,547: xml rpc node: starting XML-RPC server
[rospy.registration][INFO] 2021-05-20 11:34:37,549: Registering publisher topic [/tracker/pos_image] type [std_msgs/Float32MultiArray] with master
[rospy.init][INFO] 2021-05-20 11:34:37,647: registered with master
[rospy.rosout][INFO] 2021-05-20 11:34:37,647: initializing /rosout core topic
[rospy.rosout][INFO] 2021-05-20 11:34:37,648: connected to core topic /rosout
[rospy.simtime][INFO] 2021-05-20 11:34:37,650: /use_sim_time is not set, will not subscribe to simulated time [/clock] topic
[rospy.internal][INFO] 2021-05-20 11:34:37,681: topic[/camera/left/compressed] adding connection to [http://ubuntu:35983/], count 0
[rospy.internal][INFO] 2021-05-20 11:34:37,804: topic[/tracker/pos_image] adding connection to [/ekf_node], count 0
[rospy.internal][INFO] 2021-05-20 11:34:37,927: topic[/rosout] adding connection to [/rosout], count 0
[rospy.internal][INFO] 2021-05-20 11:34:41,575: topic[/tracker/pos_image] adding connection to [/main_node], count 1
[rospy.core][INFO] 2021-05-20 11:35:13,309: signal_shutdown [signal-2]
[rospy.internal][INFO] 2021-05-20 11:35:13,314: topic[/tracker/pos_image] removing connection to /ekf_node
[rospy.internal][INFO] 2021-05-20 11:35:13,315: topic[/tracker/pos_image] removing connection to /main_node
[rospy.internal][INFO] 2021-05-20 11:35:13,315: topic[/rosout] removing connection to /rosout
[rospy.internal][INFO] 2021-05-20 11:35:13,315: topic[/camera/left/compressed] removing connection to http://ubuntu:35983/
[rospy.impl.masterslave][INFO] 2021-05-20 11:35:13,315: signal-2
[rospy.core][INFO] 2021-05-20 11:35:13,449: signal_shutdown [atexit]
