Determining if the pthread_create exist failed with the following output:
Change Dir: /home/t/RYSX_ws/src/zero_opencv0/build/CMakeFiles/CMakeTmp

Run Build Command:"/usr/bin/make" "cmTC_316ac/fast"
/usr/bin/make -f CMakeFiles/cmTC_316ac.dir/build.make CMakeFiles/cmTC_316ac.dir/build
make[1]: Entering directory '/home/t/RYSX_ws/src/zero_opencv0/build/CMakeFiles/CMakeTmp'
Building C object CMakeFiles/cmTC_316ac.dir/CheckSymbolExists.c.o
/usr/bin/cc   -fPIC    -o CMakeFiles/cmTC_316ac.dir/CheckSymbolExists.c.o   -c /home/t/RYSX_ws/src/zero_opencv0/build/CMakeFiles/CMakeTmp/CheckSymbolExists.c
Linking C executable cmTC_316ac
/usr/bin/cmake -E cmake_link_script CMakeFiles/cmTC_316ac.dir/link.txt --verbose=1
/usr/bin/cc -fPIC     -rdynamic CMakeFiles/cmTC_316ac.dir/CheckSymbolExists.c.o  -o cmTC_316ac 
CMakeFiles/cmTC_316ac.dir/CheckSymbolExists.c.o: In function `main':
CheckSymbolExists.c:(.text+0x14): undefined reference to `pthread_create'
CheckSymbolExists.c:(.text+0x18): undefined reference to `pthread_create'
collect2: error: ld returned 1 exit status
CMakeFiles/cmTC_316ac.dir/build.make:97: recipe for target 'cmTC_316ac' failed
make[1]: *** [cmTC_316ac] Error 1
make[1]: Leaving directory '/home/t/RYSX_ws/src/zero_opencv0/build/CMakeFiles/CMakeTmp'
Makefile:126: recipe for target 'cmTC_316ac/fast' failed
make: *** [cmTC_316ac/fast] Error 2

File /home/t/RYSX_ws/src/zero_opencv0/build/CMakeFiles/CMakeTmp/CheckSymbolExists.c:
/* */
#include <pthread.h>

int main(int argc, char** argv)
{
  (void)argv;
#ifndef pthread_create
  return ((int*)(&pthread_create))[argc];
#else
  (void)argc;
  return 0;
#endif
}

Determining if the function pthread_create exists in the pthreads failed with the following output:
Change Dir: /home/t/RYSX_ws/src/zero_opencv0/build/CMakeFiles/CMakeTmp

Run Build Command:"/usr/bin/make" "cmTC_47251/fast"
/usr/bin/make -f CMakeFiles/cmTC_47251.dir/build.make CMakeFiles/cmTC_47251.dir/build
make[1]: Entering directory '/home/t/RYSX_ws/src/zero_opencv0/build/CMakeFiles/CMakeTmp'
Building C object CMakeFiles/cmTC_47251.dir/CheckFunctionExists.c.o
/usr/bin/cc   -fPIC -DCHECK_FUNCTION_EXISTS=pthread_create   -o CMakeFiles/cmTC_47251.dir/CheckFunctionExists.c.o   -c /usr/share/cmake-3.10/Modules/CheckFunctionExists.c
Linking C executable cmTC_47251
/usr/bin/cmake -E cmake_link_script CMakeFiles/cmTC_47251.dir/link.txt --verbose=1
/usr/bin/cc -fPIC -DCHECK_FUNCTION_EXISTS=pthread_create    -rdynamic CMakeFiles/cmTC_47251.dir/CheckFunctionExists.c.o  -o cmTC_47251 -lpthreads 
/usr/bin/ld: cannot find -lpthreads
collect2: error: ld returned 1 exit status
CMakeFiles/cmTC_47251.dir/build.make:97: recipe for target 'cmTC_47251' failed
make[1]: *** [cmTC_47251] Error 1
make[1]: Leaving directory '/home/t/RYSX_ws/src/zero_opencv0/build/CMakeFiles/CMakeTmp'
Makefile:126: recipe for target 'cmTC_47251/fast' failed
make: *** [cmTC_47251/fast] Error 2


