[rospy.client][INFO] 2023-03-28 01:03:06,967: init_node, name[/main_node], pid[7946]
[xmlrpc][INFO] 2023-03-28 01:03:06,969: XML-RPC server binding to 0.0.0.0:0
[rospy.init][INFO] 2023-03-28 01:03:06,972: ROS Slave URI: [http://unionsys-desktop:45243/]
[xmlrpc][INFO] 2023-03-28 01:03:06,972: Started XML-RPC server [http://unionsys-desktop:45243/]
[rospy.impl.masterslave][INFO] 2023-03-28 01:03:06,973: _ready: http://unionsys-desktop:45243/
[xmlrpc][INFO] 2023-03-28 01:03:06,974: xml rpc node: starting XML-RPC server
[rospy.registration][INFO] 2023-03-28 01:03:06,975: Registering with master node http://localhost:11311
[rospy.init][INFO] 2023-03-28 01:03:07,072: registered with master
[rospy.rosout][INFO] 2023-03-28 01:03:07,073: initializing /rosout core topic
[rospy.rosout][INFO] 2023-03-28 01:03:07,080: connected to core topic /rosout
[rospy.simtime][INFO] 2023-03-28 01:03:07,086: /use_sim_time is not set, will not subscribe to simulated time [/clock] topic
[rospy.internal][INFO] 2023-03-28 01:03:07,189: topic[/mavros/local_position/pose] adding connection to [http://unionsys-desktop:44071/], count 0
[rospy.internal][INFO] 2023-03-28 01:03:07,194: topic[/mavros/rc/in] adding connection to [http://unionsys-desktop:44071/], count 0
[rospy.internal][INFO] 2023-03-28 01:03:07,206: topic[/tracker/pos_image] adding connection to [http://unionsys-desktop:39115/], count 0
[rospy.internal][INFO] 2023-03-28 01:03:07,243: topic[/mavros/local_position/velocity_local] adding connection to [http://unionsys-desktop:44071/], count 0
[rospy.internal][INFO] 2023-03-28 01:03:07,256: topic[/mavros/state] adding connection to [http://unionsys-desktop:44071/], count 0
[rospy.internal][INFO] 2023-03-28 01:03:07,328: topic[/rosout] adding connection to [/rosout], count 0
[rospy.internal][INFO] 2023-03-28 01:03:07,359: topic[/mavros/setpoint_velocity/cmd_vel] adding connection to [/mavros], count 0
[rospy.internal][INFO] 2023-03-28 01:03:07,447: topic[/ekf/state] adding connection to [/bag_record], count 0
[rospy.internal][INFO] 2023-03-28 01:03:07,448: topic[/mavros/setpoint_velocity/cmd_vel] adding connection to [/bag_record], count 1
[rospy.internal][INFO] 2023-03-28 01:03:07,457: topic[/ekf/state] adding connection to [/ekf_node], count 1
[rospy.internal][WARNING] 2023-03-28 01:12:11,750: Unknown error initiating TCP/IP socket to unionsys-desktop:37523 (http://unionsys-desktop:39115/): Traceback (most recent call last):
  File "/opt/ros/melodic/lib/python2.7/dist-packages/rospy/impl/tcpros_base.py", line 562, in connect
    self.read_header()
  File "/opt/ros/melodic/lib/python2.7/dist-packages/rospy/impl/tcpros_base.py", line 657, in read_header
    self._validate_header(read_ros_handshake_header(sock, self.read_buff, self.protocol.buff_size))
  File "/opt/ros/melodic/lib/python2.7/dist-packages/rosgraph/network.py", line 357, in read_ros_handshake_header
    d = sock.recv(buff_size)
error: [Errno 104] Connection reset by peer

[rospy.internal][INFO] 2023-03-28 01:12:11,752: topic[/tracker/pos_image] removing connection to http://unionsys-desktop:39115/
[rospy.internal][INFO] 2023-03-28 01:12:12,957: topic[/rosout] removing connection to /rosout
[rospy.internal][WARNING] 2023-03-28 01:12:13,195: Unknown error initiating TCP/IP socket to unionsys-desktop:41063 (http://unionsys-desktop:44071/): Traceback (most recent call last):
  File "/opt/ros/melodic/lib/python2.7/dist-packages/rospy/impl/tcpros_base.py", line 562, in connect
    self.read_header()
  File "/opt/ros/melodic/lib/python2.7/dist-packages/rospy/impl/tcpros_base.py", line 657, in read_header
    self._validate_header(read_ros_handshake_header(sock, self.read_buff, self.protocol.buff_size))
  File "/opt/ros/melodic/lib/python2.7/dist-packages/rosgraph/network.py", line 357, in read_ros_handshake_header
    d = sock.recv(buff_size)
error: [Errno 104] Connection reset by peer

[rospy.internal][INFO] 2023-03-28 01:12:13,196: topic[/mavros/local_position/pose] removing connection to http://unionsys-desktop:44071/
[rospy.internal][WARNING] 2023-03-28 01:12:13,196: Unknown error initiating TCP/IP socket to unionsys-desktop:41063 (http://unionsys-desktop:44071/): Traceback (most recent call last):
  File "/opt/ros/melodic/lib/python2.7/dist-packages/rospy/impl/tcpros_base.py", line 562, in connect
    self.read_header()
  File "/opt/ros/melodic/lib/python2.7/dist-packages/rospy/impl/tcpros_base.py", line 657, in read_header
    self._validate_header(read_ros_handshake_header(sock, self.read_buff, self.protocol.buff_size))
  File "/opt/ros/melodic/lib/python2.7/dist-packages/rosgraph/network.py", line 357, in read_ros_handshake_header
    d = sock.recv(buff_size)
error: [Errno 104] Connection reset by peer

[rospy.internal][INFO] 2023-03-28 01:12:13,197: topic[/mavros/state] removing connection to http://unionsys-desktop:44071/
[rospy.internal][WARNING] 2023-03-28 01:12:13,197: Unknown error initiating TCP/IP socket to unionsys-desktop:41063 (http://unionsys-desktop:44071/): Traceback (most recent call last):
  File "/opt/ros/melodic/lib/python2.7/dist-packages/rospy/impl/tcpros_base.py", line 562, in connect
    self.read_header()
  File "/opt/ros/melodic/lib/python2.7/dist-packages/rospy/impl/tcpros_base.py", line 657, in read_header
    self._validate_header(read_ros_handshake_header(sock, self.read_buff, self.protocol.buff_size))
  File "/opt/ros/melodic/lib/python2.7/dist-packages/rosgraph/network.py", line 357, in read_ros_handshake_header
    d = sock.recv(buff_size)
error: [Errno 104] Connection reset by peer

[rospy.internal][INFO] 2023-03-28 01:12:13,198: topic[/mavros/local_position/velocity_local] removing connection to http://unionsys-desktop:44071/
[rospy.internal][WARNING] 2023-03-28 01:12:13,198: Unknown error initiating TCP/IP socket to unionsys-desktop:41063 (http://unionsys-desktop:44071/): Traceback (most recent call last):
  File "/opt/ros/melodic/lib/python2.7/dist-packages/rospy/impl/tcpros_base.py", line 562, in connect
    self.read_header()
  File "/opt/ros/melodic/lib/python2.7/dist-packages/rospy/impl/tcpros_base.py", line 657, in read_header
    self._validate_header(read_ros_handshake_header(sock, self.read_buff, self.protocol.buff_size))
  File "/opt/ros/melodic/lib/python2.7/dist-packages/rosgraph/network.py", line 357, in read_ros_handshake_header
    d = sock.recv(buff_size)
error: [Errno 104] Connection reset by peer

[rospy.internal][INFO] 2023-03-28 01:12:13,199: topic[/mavros/rc/in] removing connection to http://unionsys-desktop:44071/
[rospy.internal][INFO] 2023-03-28 01:12:13,459: topic[/mavros/setpoint_velocity/cmd_vel] removing connection to /mavros
[rospy.core][INFO] 2023-03-28 01:12:15,269: signal_shutdown [signal-2]
[rospy.registration][WARNING] 2023-03-28 01:12:15,271: cannot unregister with master due to network issues
[rospy.internal][INFO] 2023-03-28 01:12:15,272: topic[/ekf/state] removing connection to /bag_record
[rospy.internal][INFO] 2023-03-28 01:12:15,272: topic[/ekf/state] removing connection to /ekf_node
[rospy.internal][INFO] 2023-03-28 01:12:15,273: topic[/mavros/setpoint_velocity/cmd_vel] removing connection to /bag_record
[rospy.impl.masterslave][INFO] 2023-03-28 01:12:15,274: signal-2
[rospy.core][INFO] 2023-03-28 01:12:15,380: signal_shutdown [atexit]
