[roslaunch][INFO] 2023-03-28 01:02:59,944: Checking log directory for disk usage. This may take a while.
Press Ctrl-C to interrupt
[roslaunch][INFO] 2023-03-28 01:02:59,961: Done checking log file disk usage. Usage is <1GB.
[roslaunch][INFO] 2023-03-28 01:02:59,961: roslaunch starting with args ['/opt/ros/melodic/bin/roslaunch', 'offboard_pkg', 'obs_high.launch']
[roslaunch][INFO] 2023-03-28 01:02:59,962: roslaunch env is {'LC_NUMERIC': 'zh_CN.UTF-8', 'ROS_DISTRO': 'melodic', 'QT4_IM_MODULE': 'xim', 'WINDOWPATH': '1', 'XDG_CURRENT_DESKTOP': 'Unity:Unity7:ubuntu', 'XDG_SESSION_TYPE': 'x11', 'ROSLISP_PACKAGE_DIRECTORIES': '/home/unionsys/Rfly_Attack/devel/share/common-lisp:/home/unionsys/mavros_ws/devel/share/common-lisp', 'QT_IM_MODULE': 'ibus', 'LOGNAME': 'unionsys', 'USER': 'unionsys', 'PATH': '/opt/ros/melodic/bin:/home/unionsys/.local/bin:/usr/local/sbin:/usr/local/bin:/usr/sbin:/usr/bin:/sbin:/bin:/usr/games:/usr/local/games:/snap/bin', 'LC_PAPER': 'zh_CN.UTF-8', 'HOME': '/home/unionsys', 'CMAKE_PREFIX_PATH': '/home/unionsys/Rfly_Attack/devel:/home/unionsys/mavros_ws/devel:/opt/ros/melodic', 'DISPLAY': ':0', 'XDG_RUNTIME_DIR': '/run/user/1000', 'LANG': 'en_US.UTF-8', 'MANAGERPID': '5359', 'SHELL': '/bin/bash', 'ROS_LOG_FILENAME': '/home/unionsys/.ros/log/2eb00a9e-ccc1-11ed-9ff8-c6766eff689d/roslaunch-unionsys-desktop-7922.log', 'XAUTHORITY': '/run/user/1000/gdm/Xauthority', 'JOURNAL_STREAM': '8:29503', 'SESSION_MANAGER': 'local/unionsys-desktop:@/tmp/.ICE-unix/6041,unix/unionsys-desktop:/tmp/.ICE-unix/6041', 'LC_MEASUREMENT': 'zh_CN.UTF-8', 'QT_ACCESSIBILITY': '1', 'LD_LIBRARY_PATH': '/home/unionsys/Rfly_Attack/devel/lib:/home/unionsys/mavros_ws/devel/lib:/opt/ros/melodic/lib', 'GTK_CSD': '0', 'GNOME_DESKTOP_SESSION_ID': 'this-is-deprecated', 'CLUTTER_IM_MODULE': 'xim', 'TEXTDOMAIN': 'im-config', 'DESKTOP_AUTOSTART_ID': '109b96ef5e759dcf35167993655119396200000060410001', 'TERM': 'xterm-256color', 'ROS_MASTER_URI': 'http://localhost:11311', 'GPG_AGENT_INFO': '/run/user/1000/gnupg/S.gpg-agent:0:1', 'ROS_PYTHON_VERSION': '2', 'INVOCATION_ID': '1351ee90eb924b968174442232d2d5c4', 'USERNAME': 'unionsys', 'XDG_SESSION_DESKTOP': 'unity', 'SHLVL': '3', 'ROS_VERSION': '1', 'GTK_IM_MODULE': 'ibus', 'LC_ADDRESS': 'zh_CN.UTF-8', 'PYTHONPATH': '/home/unionsys/Rfly_Attack/devel/lib/python2.7/dist-packages:/opt/ros/melodic/lib/python2.7/dist-packages', 'SSH_AUTH_SOCK': '/run/user/1000/openssh_agent', 'VTE_VERSION': '5202', 'ROS_ROOT': '/opt/ros/melodic/share/ros', 'GDMSESSION': 'unity', 'XMODIFIERS': '@im=ibus', 'LC_TIME': 'zh_CN.UTF-8', 'TEXTDOMAINDIR': '/usr/share/locale/', 'XDG_DATA_DIRS': '/usr/share/unity:/usr/local/share/:/usr/share/:/var/lib/snapd/desktop', 'PKG_CONFIG_PATH': '/home/unionsys/Rfly_Attack/devel/lib/pkgconfig:/home/unionsys/mavros_ws/devel/lib/pkgconfig:/opt/ros/melodic/lib/pkgconfig', 'ROS_PACKAGE_PATH': '/home/unionsys/Rfly_Attack/src:/home/unionsys/mavros_ws/src:/opt/ros/melodic/share', 'DBUS_SESSION_BUS_ADDRESS': 'unix:path=/run/user/1000/bus', '_': '/opt/ros/melodic/bin/roslaunch', 'GNOME_TERMINAL_SERVICE': ':1.74', 'LD_PRELOAD': 'libgtk3-nocsd.so.0', 'LC_IDENTIFICATION': 'zh_CN.UTF-8', 'DESKTOP_SESSION': 'unity', 'IM_CONFIG_PHASE': '2', 'XDG_CONFIG_DIRS': '/etc/xdg/xdg-unity:/etc/xdg', 'GTK_MODULES': 'gail:atk-bridge:unity-gtk-module', 'LC_TELEPHONE': 'zh_CN.UTF-8', 'LC_MONETARY': 'zh_CN.UTF-8', 'PWD': '/home/unionsys', 'ROS_ETC_DIR': '/opt/ros/melodic/etc/ros', 'SSH_AGENT_LAUNCHER': 'openssh', 'COLORTERM': 'truecolor', 'LC_NAME': 'zh_CN.UTF-8', 'XDG_MENU_PREFIX': 'gnome-', 'GNOME_SESSION_XDG_SESSION_PATH': '', 'GNOME_TERMINAL_SCREEN': '/org/gnome/Terminal/screen/1078a291_f772_4880_b547_9d472723a6fa'}
[roslaunch][INFO] 2023-03-28 01:02:59,962: starting in server mode
[roslaunch.parent][INFO] 2023-03-28 01:02:59,964: starting roslaunch parent run
[roslaunch][INFO] 2023-03-28 01:02:59,967: loading roscore config file /opt/ros/melodic/etc/ros/roscore.xml
[roslaunch][INFO] 2023-03-28 01:03:02,114: Added core node of type [rosout/rosout] in namespace [/]
[roslaunch.config][INFO] 2023-03-28 01:03:02,115: loading config file /home/unionsys/Rfly_Attack/src/offboard_pkg/launch/obs_high.launch
[roslaunch][INFO] 2023-03-28 01:03:02,119: Added node of type [ekf_pkg/ekf_node] in namespace [/]
[roslaunch][INFO] 2023-03-28 01:03:02,120: Added node of type [offboard_pkg/obs_high.py] in namespace [/]
[roslaunch][INFO] 2023-03-28 01:03:02,324: Added node of type [rosbag/record] in namespace [/]
[roslaunch][INFO] 2023-03-28 01:03:02,325: ... selected machine [] for node of type [ekf_pkg/ekf_node]
[roslaunch][INFO] 2023-03-28 01:03:02,325: ... selected machine [] for node of type [offboard_pkg/obs_high.py]
[roslaunch][INFO] 2023-03-28 01:03:02,325: ... selected machine [] for node of type [rosbag/record]
[roslaunch.pmon][INFO] 2023-03-28 01:03:02,329: start_process_monitor: creating ProcessMonitor
[roslaunch.pmon][INFO] 2023-03-28 01:03:02,330: created process monitor <ProcessMonitor(ProcessMonitor-1, initial daemon)>
[roslaunch.pmon][INFO] 2023-03-28 01:03:02,331: start_process_monitor: ProcessMonitor started
[roslaunch.parent][INFO] 2023-03-28 01:03:02,331: starting parent XML-RPC server
[roslaunch.server][INFO] 2023-03-28 01:03:02,332: starting roslaunch XML-RPC server
[roslaunch.server][INFO] 2023-03-28 01:03:02,332: waiting for roslaunch XML-RPC server to initialize
[xmlrpc][INFO] 2023-03-28 01:03:02,337: XML-RPC server binding to 0.0.0.0:0
[xmlrpc][INFO] 2023-03-28 01:03:02,338: Started XML-RPC server [http://unionsys-desktop:38607/]
[xmlrpc][INFO] 2023-03-28 01:03:02,339: xml rpc node: starting XML-RPC server
[roslaunch][INFO] 2023-03-28 01:03:02,348: started roslaunch server http://unionsys-desktop:38607/
[roslaunch.parent][INFO] 2023-03-28 01:03:02,348: ... parent XML-RPC server started
[roslaunch][INFO] 2023-03-28 01:03:02,349: master.is_running[http://localhost:11311]
[roslaunch][INFO] 2023-03-28 01:03:02,354: master.is_running[http://localhost:11311]
[roslaunch][INFO] 2023-03-28 01:03:02,359: ROS_MASTER_URI=http://localhost:11311
[roslaunch][INFO] 2023-03-28 01:03:02,367: setting /roslaunch/uris/host_unionsys_desktop__38607' to http://unionsys-desktop:38607/
[roslaunch][INFO] 2023-03-28 01:03:02,372: load_parameters starting ...
[roslaunch][INFO] 2023-03-28 01:03:02,403: ... load_parameters complete
[roslaunch][INFO] 2023-03-28 01:03:02,404: launch_nodes: launching local nodes ...
[roslaunch][INFO] 2023-03-28 01:03:02,404: ... preparing to launch node of type [ekf_pkg/ekf_node]
[roslaunch][INFO] 2023-03-28 01:03:02,404: create_node_process: package[ekf_pkg] type[ekf_node] machine[Machine(name[] env_loader[None] address[localhost] ssh_port[22] user[None] assignable[True] timeout[10.0])] master_uri[http://localhost:11311]
[roslaunch][INFO] 2023-03-28 01:03:02,405: process[ekf_node-1]: env[{'LC_NUMERIC': 'zh_CN.UTF-8', 'ROS_DISTRO': 'melodic', 'GNOME_SESSION_XDG_SESSION_PATH': '', 'QT4_IM_MODULE': 'xim', 'COLORTERM': 'truecolor', 'XDG_CURRENT_DESKTOP': 'Unity:Unity7:ubuntu', 'XDG_SESSION_TYPE': 'x11', 'ROSLISP_PACKAGE_DIRECTORIES': '/home/unionsys/Rfly_Attack/devel/share/common-lisp:/home/unionsys/mavros_ws/devel/share/common-lisp', 'QT_IM_MODULE': 'ibus', 'LOGNAME': 'unionsys', 'USER': 'unionsys', 'PATH': '/opt/ros/melodic/bin:/home/unionsys/.local/bin:/usr/local/sbin:/usr/local/bin:/usr/sbin:/usr/bin:/sbin:/bin:/usr/games:/usr/local/games:/snap/bin', 'LC_PAPER': 'zh_CN.UTF-8', 'HOME': '/home/unionsys', 'CMAKE_PREFIX_PATH': '/home/unionsys/Rfly_Attack/devel:/home/unionsys/mavros_ws/devel:/opt/ros/melodic', 'ROS_LOG_FILENAME': '/home/unionsys/.ros/log/2eb00a9e-ccc1-11ed-9ff8-c6766eff689d/roslaunch-unionsys-desktop-7922.log', 'LANG': 'en_US.UTF-8', 'MANAGERPID': '5359', 'SHELL': '/bin/bash', 'XAUTHORITY': '/run/user/1000/gdm/Xauthority', 'JOURNAL_STREAM': '8:29503', 'SESSION_MANAGER': 'local/unionsys-desktop:@/tmp/.ICE-unix/6041,unix/unionsys-desktop:/tmp/.ICE-unix/6041', 'LC_MEASUREMENT': 'zh_CN.UTF-8', 'CLUTTER_IM_MODULE': 'xim', 'DISPLAY': ':0', 'GTK_CSD': '0', 'GNOME_DESKTOP_SESSION_ID': 'this-is-deprecated', 'QT_ACCESSIBILITY': '1', 'WINDOWPATH': '1', 'DESKTOP_AUTOSTART_ID': '109b96ef5e759dcf35167993655119396200000060410001', 'XMODIFIERS': '@im=ibus', 'ROS_ETC_DIR': '/opt/ros/melodic/etc/ros', 'GPG_AGENT_INFO': '/run/user/1000/gnupg/S.gpg-agent:0:1', 'ROS_PYTHON_VERSION': '2', 'INVOCATION_ID': '1351ee90eb924b968174442232d2d5c4', 'USERNAME': 'unionsys', 'XDG_SESSION_DESKTOP': 'unity', 'XDG_RUNTIME_DIR': '/run/user/1000', 'LC_IDENTIFICATION': 'zh_CN.UTF-8', 'LC_ADDRESS': 'zh_CN.UTF-8', 'PYTHONPATH': '/home/unionsys/Rfly_Attack/devel/lib/python2.7/dist-packages:/opt/ros/melodic/lib/python2.7/dist-packages', 'SSH_AUTH_SOCK': '/run/user/1000/openssh_agent', 'TERM': 'xterm-256color', 'VTE_VERSION': '5202', 'GDMSESSION': 'unity', 'IM_CONFIG_PHASE': '2', 'TEXTDOMAINDIR': '/usr/share/locale/', 'DESKTOP_SESSION': 'unity', 'XDG_DATA_DIRS': '/usr/share/unity:/usr/local/share/:/usr/share/:/var/lib/snapd/desktop', 'PKG_CONFIG_PATH': '/home/unionsys/Rfly_Attack/devel/lib/pkgconfig:/home/unionsys/mavros_ws/devel/lib/pkgconfig:/opt/ros/melodic/lib/pkgconfig', 'ROS_PACKAGE_PATH': '/home/unionsys/Rfly_Attack/src:/home/unionsys/mavros_ws/src:/opt/ros/melodic/share', 'ROS_ROOT': '/opt/ros/melodic/share/ros', 'DBUS_SESSION_BUS_ADDRESS': 'unix:path=/run/user/1000/bus', '_': '/opt/ros/melodic/bin/roslaunch', 'GTK_MODULES': 'gail:atk-bridge:unity-gtk-module', 'LD_PRELOAD': 'libgtk3-nocsd.so.0', 'GTK_IM_MODULE': 'ibus', 'LD_LIBRARY_PATH': '/home/unionsys/Rfly_Attack/devel/lib:/home/unionsys/mavros_ws/devel/lib:/opt/ros/melodic/lib', 'XDG_CONFIG_DIRS': '/etc/xdg/xdg-unity:/etc/xdg', 'GNOME_TERMINAL_SERVICE': ':1.74', 'LC_TELEPHONE': 'zh_CN.UTF-8', 'LC_MONETARY': 'zh_CN.UTF-8', 'SHLVL': '3', 'PWD': '/home/unionsys', 'ROS_MASTER_URI': 'http://localhost:11311', 'SSH_AGENT_LAUNCHER': 'openssh', 'ROS_VERSION': '1', 'TEXTDOMAIN': 'im-config', 'LC_NAME': 'zh_CN.UTF-8', 'XDG_MENU_PREFIX': 'gnome-', 'LC_TIME': 'zh_CN.UTF-8', 'GNOME_TERMINAL_SCREEN': '/org/gnome/Terminal/screen/1078a291_f772_4880_b547_9d472723a6fa'}]
[roslaunch][INFO] 2023-03-28 01:03:02,633: process[ekf_node-1]: args[[u'/home/unionsys/Rfly_Attack/devel/lib/ekf_pkg/ekf_node', u'__name:=ekf_node']]
[roslaunch][INFO] 2023-03-28 01:03:02,634: ... created process [ekf_node-1]
[roslaunch.pmon][INFO] 2023-03-28 01:03:02,635: ProcessMonitor.register[ekf_node-1]
[roslaunch.pmon][INFO] 2023-03-28 01:03:02,635: ProcessMonitor.register[ekf_node-1] complete
[roslaunch][INFO] 2023-03-28 01:03:02,635: ... registered process [ekf_node-1]
[roslaunch][INFO] 2023-03-28 01:03:02,636: process[ekf_node-1]: starting os process
[roslaunch][INFO] 2023-03-28 01:03:02,636: process[ekf_node-1]: start w/ args [[u'/home/unionsys/Rfly_Attack/devel/lib/ekf_pkg/ekf_node', u'__name:=ekf_node', u'__log:=/home/unionsys/.ros/log/2eb00a9e-ccc1-11ed-9ff8-c6766eff689d/ekf_node-1.log']]
[roslaunch][INFO] 2023-03-28 01:03:02,637: process[ekf_node-1]: cwd will be [/home/unionsys/.ros]
[roslaunch][INFO] 2023-03-28 01:03:02,696: process[ekf_node-1]: started with pid [7945]
[roslaunch][INFO] 2023-03-28 01:03:02,697: ... successfully launched [ekf_node-1]
[roslaunch][INFO] 2023-03-28 01:03:02,697: ... preparing to launch node of type [offboard_pkg/obs_high.py]
[roslaunch][INFO] 2023-03-28 01:03:02,697: create_node_process: package[offboard_pkg] type[obs_high.py] machine[Machine(name[] env_loader[None] address[localhost] ssh_port[22] user[None] assignable[True] timeout[10.0])] master_uri[http://localhost:11311]
[roslaunch][INFO] 2023-03-28 01:03:02,699: process[main_node-2]: env[{'LC_NUMERIC': 'zh_CN.UTF-8', 'ROS_DISTRO': 'melodic', 'GNOME_SESSION_XDG_SESSION_PATH': '', 'QT4_IM_MODULE': 'xim', 'COLORTERM': 'truecolor', 'XDG_CURRENT_DESKTOP': 'Unity:Unity7:ubuntu', 'XDG_SESSION_TYPE': 'x11', 'ROSLISP_PACKAGE_DIRECTORIES': '/home/unionsys/Rfly_Attack/devel/share/common-lisp:/home/unionsys/mavros_ws/devel/share/common-lisp', 'QT_IM_MODULE': 'ibus', 'LOGNAME': 'unionsys', 'USER': 'unionsys', 'PATH': '/opt/ros/melodic/bin:/home/unionsys/.local/bin:/usr/local/sbin:/usr/local/bin:/usr/sbin:/usr/bin:/sbin:/bin:/usr/games:/usr/local/games:/snap/bin', 'LC_PAPER': 'zh_CN.UTF-8', 'HOME': '/home/unionsys', 'CMAKE_PREFIX_PATH': '/home/unionsys/Rfly_Attack/devel:/home/unionsys/mavros_ws/devel:/opt/ros/melodic', 'ROS_LOG_FILENAME': '/home/unionsys/.ros/log/2eb00a9e-ccc1-11ed-9ff8-c6766eff689d/roslaunch-unionsys-desktop-7922.log', 'LANG': 'en_US.UTF-8', 'MANAGERPID': '5359', 'SHELL': '/bin/bash', 'XAUTHORITY': '/run/user/1000/gdm/Xauthority', 'JOURNAL_STREAM': '8:29503', 'SESSION_MANAGER': 'local/unionsys-desktop:@/tmp/.ICE-unix/6041,unix/unionsys-desktop:/tmp/.ICE-unix/6041', 'LC_MEASUREMENT': 'zh_CN.UTF-8', 'CLUTTER_IM_MODULE': 'xim', 'DISPLAY': ':0', 'GTK_CSD': '0', 'GNOME_DESKTOP_SESSION_ID': 'this-is-deprecated', 'QT_ACCESSIBILITY': '1', 'WINDOWPATH': '1', 'DESKTOP_AUTOSTART_ID': '109b96ef5e759dcf35167993655119396200000060410001', 'XMODIFIERS': '@im=ibus', 'ROS_ETC_DIR': '/opt/ros/melodic/etc/ros', 'GPG_AGENT_INFO': '/run/user/1000/gnupg/S.gpg-agent:0:1', 'ROS_PYTHON_VERSION': '2', 'INVOCATION_ID': '1351ee90eb924b968174442232d2d5c4', 'USERNAME': 'unionsys', 'XDG_SESSION_DESKTOP': 'unity', 'XDG_RUNTIME_DIR': '/run/user/1000', 'LC_IDENTIFICATION': 'zh_CN.UTF-8', 'LC_ADDRESS': 'zh_CN.UTF-8', 'PYTHONPATH': '/home/unionsys/Rfly_Attack/devel/lib/python2.7/dist-packages:/opt/ros/melodic/lib/python2.7/dist-packages', 'SSH_AUTH_SOCK': '/run/user/1000/openssh_agent', 'TERM': 'xterm-256color', 'VTE_VERSION': '5202', 'GDMSESSION': 'unity', 'IM_CONFIG_PHASE': '2', 'TEXTDOMAINDIR': '/usr/share/locale/', 'DESKTOP_SESSION': 'unity', 'XDG_DATA_DIRS': '/usr/share/unity:/usr/local/share/:/usr/share/:/var/lib/snapd/desktop', 'PKG_CONFIG_PATH': '/home/unionsys/Rfly_Attack/devel/lib/pkgconfig:/home/unionsys/mavros_ws/devel/lib/pkgconfig:/opt/ros/melodic/lib/pkgconfig', 'ROS_PACKAGE_PATH': '/home/unionsys/Rfly_Attack/src:/home/unionsys/mavros_ws/src:/opt/ros/melodic/share', 'ROS_ROOT': '/opt/ros/melodic/share/ros', 'DBUS_SESSION_BUS_ADDRESS': 'unix:path=/run/user/1000/bus', '_': '/opt/ros/melodic/bin/roslaunch', 'GTK_MODULES': 'gail:atk-bridge:unity-gtk-module', 'LD_PRELOAD': 'libgtk3-nocsd.so.0', 'GTK_IM_MODULE': 'ibus', 'LD_LIBRARY_PATH': '/home/unionsys/Rfly_Attack/devel/lib:/home/unionsys/mavros_ws/devel/lib:/opt/ros/melodic/lib', 'XDG_CONFIG_DIRS': '/etc/xdg/xdg-unity:/etc/xdg', 'GNOME_TERMINAL_SERVICE': ':1.74', 'LC_TELEPHONE': 'zh_CN.UTF-8', 'LC_MONETARY': 'zh_CN.UTF-8', 'SHLVL': '3', 'PWD': '/home/unionsys', 'ROS_MASTER_URI': 'http://localhost:11311', 'SSH_AGENT_LAUNCHER': 'openssh', 'ROS_VERSION': '1', 'TEXTDOMAIN': 'im-config', 'LC_NAME': 'zh_CN.UTF-8', 'XDG_MENU_PREFIX': 'gnome-', 'LC_TIME': 'zh_CN.UTF-8', 'GNOME_TERMINAL_SCREEN': '/org/gnome/Terminal/screen/1078a291_f772_4880_b547_9d472723a6fa'}]
[roslaunch][INFO] 2023-03-28 01:03:02,702: process[main_node-2]: args[[u'/home/unionsys/Rfly_Attack/src/offboard_pkg/script/obs_high.py', u'__name:=main_node']]
[roslaunch][INFO] 2023-03-28 01:03:02,703: ... created process [main_node-2]
[roslaunch.pmon][INFO] 2023-03-28 01:03:02,703: ProcessMonitor.register[main_node-2]
[roslaunch.pmon][INFO] 2023-03-28 01:03:02,704: ProcessMonitor.register[main_node-2] complete
[roslaunch][INFO] 2023-03-28 01:03:02,704: ... registered process [main_node-2]
[roslaunch][INFO] 2023-03-28 01:03:02,704: process[main_node-2]: starting os process
[roslaunch][INFO] 2023-03-28 01:03:02,705: process[main_node-2]: start w/ args [[u'/home/unionsys/Rfly_Attack/src/offboard_pkg/script/obs_high.py', u'__name:=main_node', u'__log:=/home/unionsys/.ros/log/2eb00a9e-ccc1-11ed-9ff8-c6766eff689d/main_node-2.log']]
[roslaunch][INFO] 2023-03-28 01:03:02,705: process[main_node-2]: cwd will be [/home/unionsys/.ros]
[roslaunch][INFO] 2023-03-28 01:03:02,729: process[main_node-2]: started with pid [7946]
[roslaunch][INFO] 2023-03-28 01:03:02,730: ... successfully launched [main_node-2]
[roslaunch][INFO] 2023-03-28 01:03:02,731: ... preparing to launch node of type [rosbag/record]
[roslaunch][INFO] 2023-03-28 01:03:02,731: create_node_process: package[rosbag] type[record] machine[Machine(name[] env_loader[None] address[localhost] ssh_port[22] user[None] assignable[True] timeout[10.0])] master_uri[http://localhost:11311]
[roslaunch][INFO] 2023-03-28 01:03:02,732: process[bag_record-3]: env[{'LC_NUMERIC': 'zh_CN.UTF-8', 'ROS_DISTRO': 'melodic', 'GNOME_SESSION_XDG_SESSION_PATH': '', 'QT4_IM_MODULE': 'xim', 'COLORTERM': 'truecolor', 'XDG_CURRENT_DESKTOP': 'Unity:Unity7:ubuntu', 'XDG_SESSION_TYPE': 'x11', 'ROSLISP_PACKAGE_DIRECTORIES': '/home/unionsys/Rfly_Attack/devel/share/common-lisp:/home/unionsys/mavros_ws/devel/share/common-lisp', 'QT_IM_MODULE': 'ibus', 'LOGNAME': 'unionsys', 'USER': 'unionsys', 'PATH': '/opt/ros/melodic/bin:/home/unionsys/.local/bin:/usr/local/sbin:/usr/local/bin:/usr/sbin:/usr/bin:/sbin:/bin:/usr/games:/usr/local/games:/snap/bin', 'LC_PAPER': 'zh_CN.UTF-8', 'HOME': '/home/unionsys', 'CMAKE_PREFIX_PATH': '/home/unionsys/Rfly_Attack/devel:/home/unionsys/mavros_ws/devel:/opt/ros/melodic', 'ROS_LOG_FILENAME': '/home/unionsys/.ros/log/2eb00a9e-ccc1-11ed-9ff8-c6766eff689d/roslaunch-unionsys-desktop-7922.log', 'LANG': 'en_US.UTF-8', 'MANAGERPID': '5359', 'SHELL': '/bin/bash', 'XAUTHORITY': '/run/user/1000/gdm/Xauthority', 'JOURNAL_STREAM': '8:29503', 'SESSION_MANAGER': 'local/unionsys-desktop:@/tmp/.ICE-unix/6041,unix/unionsys-desktop:/tmp/.ICE-unix/6041', 'LC_MEASUREMENT': 'zh_CN.UTF-8', 'CLUTTER_IM_MODULE': 'xim', 'DISPLAY': ':0', 'GTK_CSD': '0', 'GNOME_DESKTOP_SESSION_ID': 'this-is-deprecated', 'QT_ACCESSIBILITY': '1', 'WINDOWPATH': '1', 'DESKTOP_AUTOSTART_ID': '109b96ef5e759dcf35167993655119396200000060410001', 'XMODIFIERS': '@im=ibus', 'ROS_ETC_DIR': '/opt/ros/melodic/etc/ros', 'GPG_AGENT_INFO': '/run/user/1000/gnupg/S.gpg-agent:0:1', 'ROS_PYTHON_VERSION': '2', 'INVOCATION_ID': '1351ee90eb924b968174442232d2d5c4', 'USERNAME': 'unionsys', 'XDG_SESSION_DESKTOP': 'unity', 'XDG_RUNTIME_DIR': '/run/user/1000', 'LC_IDENTIFICATION': 'zh_CN.UTF-8', 'LC_ADDRESS': 'zh_CN.UTF-8', 'PYTHONPATH': '/home/unionsys/Rfly_Attack/devel/lib/python2.7/dist-packages:/opt/ros/melodic/lib/python2.7/dist-packages', 'SSH_AUTH_SOCK': '/run/user/1000/openssh_agent', 'TERM': 'xterm-256color', 'VTE_VERSION': '5202', 'GDMSESSION': 'unity', 'IM_CONFIG_PHASE': '2', 'TEXTDOMAINDIR': '/usr/share/locale/', 'DESKTOP_SESSION': 'unity', 'XDG_DATA_DIRS': '/usr/share/unity:/usr/local/share/:/usr/share/:/var/lib/snapd/desktop', 'PKG_CONFIG_PATH': '/home/unionsys/Rfly_Attack/devel/lib/pkgconfig:/home/unionsys/mavros_ws/devel/lib/pkgconfig:/opt/ros/melodic/lib/pkgconfig', 'ROS_PACKAGE_PATH': '/home/unionsys/Rfly_Attack/src:/home/unionsys/mavros_ws/src:/opt/ros/melodic/share', 'ROS_ROOT': '/opt/ros/melodic/share/ros', 'DBUS_SESSION_BUS_ADDRESS': 'unix:path=/run/user/1000/bus', '_': '/opt/ros/melodic/bin/roslaunch', 'GTK_MODULES': 'gail:atk-bridge:unity-gtk-module', 'LD_PRELOAD': 'libgtk3-nocsd.so.0', 'GTK_IM_MODULE': 'ibus', 'LD_LIBRARY_PATH': '/home/unionsys/Rfly_Attack/devel/lib:/home/unionsys/mavros_ws/devel/lib:/opt/ros/melodic/lib', 'XDG_CONFIG_DIRS': '/etc/xdg/xdg-unity:/etc/xdg', 'GNOME_TERMINAL_SERVICE': ':1.74', 'LC_TELEPHONE': 'zh_CN.UTF-8', 'LC_MONETARY': 'zh_CN.UTF-8', 'SHLVL': '3', 'PWD': '/home/unionsys', 'ROS_MASTER_URI': 'http://localhost:11311', 'SSH_AGENT_LAUNCHER': 'openssh', 'ROS_VERSION': '1', 'TEXTDOMAIN': 'im-config', 'LC_NAME': 'zh_CN.UTF-8', 'XDG_MENU_PREFIX': 'gnome-', 'LC_TIME': 'zh_CN.UTF-8', 'GNOME_TERMINAL_SCREEN': '/org/gnome/Terminal/screen/1078a291_f772_4880_b547_9d472723a6fa'}]
[roslaunch][INFO] 2023-03-28 01:03:02,765: process[bag_record-3]: args[[u'/opt/ros/melodic/lib/rosbag/record', '/ekf/state', '/image_raw/compressed', '/mavros/local_position/pose', '/mavros/local_position/velocity_local', '/mavros/imu/data', '/mavros/rc/in', '/mavros/setpoint_velocity/cmd_vel', '/mavros/state', '/tracker/pos_image', '/tracker/pos_image_ekf', '-o', '/home/unionsys/Rfly_Attack/src/offboard_pkg/bag/fly_high', u'__name:=bag_record']]
[roslaunch][INFO] 2023-03-28 01:03:02,766: ... created process [bag_record-3]
[roslaunch.pmon][INFO] 2023-03-28 01:03:02,766: ProcessMonitor.register[bag_record-3]
[roslaunch.pmon][INFO] 2023-03-28 01:03:02,767: ProcessMonitor.register[bag_record-3] complete
[roslaunch][INFO] 2023-03-28 01:03:02,767: ... registered process [bag_record-3]
[roslaunch][INFO] 2023-03-28 01:03:02,768: process[bag_record-3]: starting os process
[roslaunch][INFO] 2023-03-28 01:03:02,768: process[bag_record-3]: start w/ args [[u'/opt/ros/melodic/lib/rosbag/record', '/ekf/state', '/image_raw/compressed', '/mavros/local_position/pose', '/mavros/local_position/velocity_local', '/mavros/imu/data', '/mavros/rc/in', '/mavros/setpoint_velocity/cmd_vel', '/mavros/state', '/tracker/pos_image', '/tracker/pos_image_ekf', '-o', '/home/unionsys/Rfly_Attack/src/offboard_pkg/bag/fly_high', u'__name:=bag_record', u'__log:=/home/unionsys/.ros/log/2eb00a9e-ccc1-11ed-9ff8-c6766eff689d/bag_record-3.log']]
[roslaunch][INFO] 2023-03-28 01:03:02,769: process[bag_record-3]: cwd will be [/home/unionsys/.ros]
[roslaunch][INFO] 2023-03-28 01:03:02,804: process[bag_record-3]: started with pid [7947]
[roslaunch][INFO] 2023-03-28 01:03:02,805: ... successfully launched [bag_record-3]
[roslaunch][INFO] 2023-03-28 01:03:02,805: ... launch_nodes complete
[roslaunch.pmon][INFO] 2023-03-28 01:03:02,806: registrations completed <ProcessMonitor(ProcessMonitor-1, started daemon 547498914288)>
[roslaunch.parent][INFO] 2023-03-28 01:03:02,806: ... roslaunch parent running, waiting for process exit
[roslaunch][INFO] 2023-03-28 01:03:02,807: spin
[roslaunch.pmon][INFO] 2023-03-28 01:12:15,238: ProcessMonitor.shutdown <ProcessMonitor(ProcessMonitor-1, started daemon 547498914288)>
[roslaunch.pmon][INFO] 2023-03-28 01:12:15,260: ProcessMonitor._post_run <ProcessMonitor(ProcessMonitor-1, started daemon 547498914288)>
[roslaunch.pmon][INFO] 2023-03-28 01:12:15,261: ProcessMonitor._post_run <ProcessMonitor(ProcessMonitor-1, started daemon 547498914288)>: remaining procs are [<roslaunch.nodeprocess.LocalProcess object at 0x7f797d9690>, <roslaunch.nodeprocess.LocalProcess object at 0x7f797d9110>, <roslaunch.nodeprocess.LocalProcess object at 0x7f79832690>]
[roslaunch.pmon][INFO] 2023-03-28 01:12:15,263: ProcessMonitor exit: killing bag_record-3
[roslaunch.pmon][INFO] 2023-03-28 01:12:15,264: ProcessMonitor exit: killing main_node-2
[roslaunch][INFO] 2023-03-28 01:12:15,265: [main_node-2] killing on exit
[roslaunch][INFO] 2023-03-28 01:12:15,266: process[main_node-2]: killing os process with pid[7946] pgid[7946]
[roslaunch][INFO] 2023-03-28 01:12:15,267: [main_node-2] sending SIGINT to pgid [7946]
[roslaunch][INFO] 2023-03-28 01:12:15,269: [main_node-2] sent SIGINT to pgid [7946]
[roslaunch][INFO] 2023-03-28 01:12:15,268: [bag_record-3] killing on exit
[roslaunch][INFO] 2023-03-28 01:12:15,271: process[bag_record-3]: killing os process with pid[7947] pgid[7947]
[roslaunch][INFO] 2023-03-28 01:12:15,272: [bag_record-3] sending SIGINT to pgid [7947]
[roslaunch][INFO] 2023-03-28 01:12:15,272: [bag_record-3] sent SIGINT to pgid [7947]
[roslaunch.pmon][INFO] 2023-03-28 01:12:15,269: ProcessMonitor exit: killing ekf_node-1
[roslaunch][INFO] 2023-03-28 01:12:15,273: [ekf_node-1] killing on exit
[roslaunch][INFO] 2023-03-28 01:12:15,274: process[ekf_node-1]: killing os process with pid[7945] pgid[7945]
[roslaunch][INFO] 2023-03-28 01:12:15,274: [ekf_node-1] sending SIGINT to pgid [7945]
[roslaunch][INFO] 2023-03-28 01:12:15,274: [ekf_node-1] sent SIGINT to pgid [7945]
[roslaunch][INFO] 2023-03-28 01:12:15,571: process[main_node-2]: SIGINT killed with return value 0
[roslaunch][INFO] 2023-03-28 01:12:15,578: process[ekf_node-1]: SIGINT killed with return value 0
[roslaunch][INFO] 2023-03-28 01:12:15,675: process[bag_record-3]: SIGINT killed with return value 0
[roslaunch.pmon][INFO] 2023-03-28 01:12:15,677: ProcessMonitor exit: cleaning up data structures and signals
[roslaunch.pmon][INFO] 2023-03-28 01:12:15,677: ProcessMonitor exit: pmon has shutdown
[roslaunch][INFO] 2023-03-28 01:12:15,704: process monitor is done spinning, initiating full shutdown
[roslaunch][INFO] 2023-03-28 01:12:15,705: runner.stop()
[roslaunch][INFO] 2023-03-28 01:12:15,706: shutting down processing monitor...
[roslaunch][INFO] 2023-03-28 01:12:15,707: shutting down processing monitor <ProcessMonitor(ProcessMonitor-1, stopped daemon 547498914288)>
[roslaunch.pmon][INFO] 2023-03-28 01:12:15,707: ProcessMonitor.shutdown <ProcessMonitor(ProcessMonitor-1, stopped daemon 547498914288)>
[roslaunch][INFO] 2023-03-28 01:12:15,708: ... shutting down processing monitor complete
[roslaunch][INFO] 2023-03-28 01:12:15,709: done
[roslaunch.pmon][INFO] 2023-03-28 01:12:15,710: ProcessMonitor.shutdown <ProcessMonitor(ProcessMonitor-1, stopped daemon 547498914288)>
[rospy.core][INFO] 2023-03-28 01:12:15,711: signal_shutdown [atexit]
